{"name": "test_3", "status": "failed", "statusDetails": {"message": "AssertionError: assert 0 > 100", "trace": "@allure.feature(\"模块二\")\n    @allure.story(\"这是一个用例\")\n    def test_3():\n>       assert 0 > 100\nE       assert 0 > 100\n\ntest_9.py:19: AssertionError"}, "start": 1566216964060, "stop": 1566216964060, "uuid": "952f175a-6519-4d57-b34f-3134e0c4e72e", "historyId": "903d044cd3d0e6a3674e5fb90463ac43", "fullName": "test_9#test_3", "labels": [{"name": "story", "value": "这是一个用例"}, {"name": "feature", "value": "模块二"}, {"name": "parentSuite"}, {"name": "suite", "value": "test_9"}, {"name": "subSuite"}, {"name": "host", "value": "Envyimmortal"}, {"name": "thread", "value": "17340-MainThread"}, {"name": "framework", "value": "pytest"}, {"name": "language", "value": "cpython3"}, {"name": "package", "value": "test_9"}]}