{"name": "test_7", "status": "failed", "statusDetails": {"message": "AssertionError: assert 1 < 1", "trace": "@allure.feature(\"模块三\")\n    @allure.severity(\"normal\")\n    def test_7():\n>       assert 1 < 1\nE       assert 1 < 1\n\ntest_9.py:54: AssertionError"}, "start": 1566216964112, "stop": 1566216964112, "uuid": "16322a5a-32fe-4a29-aa82-33a87bf14107", "historyId": "cd48626d546b554ca433ed121cf8b92f", "fullName": "test_9#test_7", "labels": [{"name": "feature", "value": "模块三"}, {"name": "severity", "value": "normal"}, {"name": "parentSuite"}, {"name": "suite", "value": "test_9"}, {"name": "subSuite"}, {"name": "host", "value": "Envyimmortal"}, {"name": "thread", "value": "17340-MainThread"}, {"name": "framework", "value": "pytest"}, {"name": "language", "value": "cpython3"}, {"name": "package", "value": "test_9"}]}