{"name": "test_6", "status": "failed", "statusDetails": {"message": "AssertionError: assert 1 == 2", "trace": "@allure.feature(\"模块三\")\n    @allure.severity(\"critical\")\n    def test_6():\n>       assert 1 == 2\nE       assert 1 == 2\n\ntest_9.py:49: AssertionError"}, "start": 1566216964106, "stop": 1566216964106, "uuid": "44f13bac-cb49-4ae1-9065-42389df30d96", "historyId": "72a1a3c9be8735ea5decd182896069ac", "fullName": "test_9#test_6", "labels": [{"name": "feature", "value": "模块三"}, {"name": "severity", "value": "critical"}, {"name": "parentSuite"}, {"name": "suite", "value": "test_9"}, {"name": "subSuite"}, {"name": "host", "value": "Envyimmortal"}, {"name": "thread", "value": "17340-MainThread"}, {"name": "framework", "value": "pytest"}, {"name": "language", "value": "cpython3"}, {"name": "package", "value": "test_9"}]}